Using device: cpu
Downloading https://www.cs.toronto.edu/~kriz/cifar-10-python.tar.gz to ./data/cifar-10-python.tar.gz
Extracting ./data/cifar-10-python.tar.gz to ./data
Files already downloaded and verified
Starting with 5 Population:
[Arch(conv=4, acc=0.0000), Arch(conv=2, acc=0.0000), Arch(conv=4, acc=0.0000), Arch(conv=1, acc=0.0000), Arch(conv=4, acc=0.0000)]


============================================================
Generation 1/3
============================================================
Evaluating architecture 1/5... Fitness: 0.3812, Accuracy: 0.3900
Evaluating architecture 2/5... Fitness: 0.2030, Accuracy: 0.2250
Evaluating architecture 3/5... Fitness: 0.4569, Accuracy: 0.5000
Evaluating architecture 4/5... Fitness: 0.2860, Accuracy: 0.3700
Evaluating architecture 5/5... Fitness: 0.4055, Accuracy: 0.4500

Sorting population in terms of fitness score (high -> low) ...
Best in generation: Arch(conv=4, acc=0.5000)

Best overall: Arch(conv=4, acc=0.5000)

Performing roulette-wheel of total population: 5 ...

Roulette-Wheel Selection Probabilities:
Architecture 1: Original Fitness = 0.4569, Shifted Fitness = 0.4569, Probability = 0.2637
Architecture 2: Original Fitness = 0.4055, Shifted Fitness = 0.4055, Probability = 0.2340
Architecture 3: Original Fitness = 0.3812, Shifted Fitness = 0.3812, Probability = 0.2200
Architecture 4: Original Fitness = 0.2860, Shifted Fitness = 0.2860, Probability = 0.1651
Architecture 5: Original Fitness = 0.2030, Shifted Fitness = 0.2030, Probability = 0.1172

Selected 5 architectures using Roulette-Wheel selection
Performing Crossover & Mutation ...
Elitism: Keeping top 2 architectures in next generation.
Next Generation: [Arch(conv=4, acc=0.5000), Arch(conv=4, acc=0.4500), Arch(conv=4, acc=0.4500), Arch(conv=4, acc=0.0000), Arch(conv=4, acc=0.0000)]

============================================================
Generation 2/3
============================================================
Evaluating architecture 1/5... Fitness: 0.4219, Accuracy: 0.4650
Evaluating architecture 2/5... Fitness: 0.4105, Accuracy: 0.4550
Evaluating architecture 3/5... Fitness: 0.4055, Accuracy: 0.4500
Evaluating architecture 4/5... Fitness: 0.3855, Accuracy: 0.4300
Evaluating architecture 5/5... Fitness: 0.3988, Accuracy: 0.4400

Sorting population in terms of fitness score (high -> low) ...
Best in generation: Arch(conv=4, acc=0.4650)

Best overall: Arch(conv=4, acc=0.5000)

Performing roulette-wheel of total population: 5 ...

Roulette-Wheel Selection Probabilities:
Architecture 1: Original Fitness = 0.4219, Shifted Fitness = 0.4219, Probability = 0.2086
Architecture 2: Original Fitness = 0.4105, Shifted Fitness = 0.4105, Probability = 0.2030
Architecture 3: Original Fitness = 0.4055, Shifted Fitness = 0.4055, Probability = 0.2005
Architecture 4: Original Fitness = 0.3988, Shifted Fitness = 0.3988, Probability = 0.1972
Architecture 5: Original Fitness = 0.3855, Shifted Fitness = 0.3855, Probability = 0.1906

Selected 5 architectures using Roulette-Wheel selection
Performing Crossover & Mutation ...
Elitism: Keeping top 2 architectures in next generation.
Next Generation: [Arch(conv=4, acc=0.4650), Arch(conv=4, acc=0.4550), Arch(conv=4, acc=0.4300), Arch(conv=4, acc=0.0000), Arch(conv=4, acc=0.4500)]

============================================================
Generation 3/3
============================================================
Evaluating architecture 1/5... Fitness: 0.4169, Accuracy: 0.4600
Evaluating architecture 2/5... Fitness: 0.3905, Accuracy: 0.4350
Evaluating architecture 3/5... Fitness: 0.4405, Accuracy: 0.4850
Evaluating architecture 4/5... Fitness: 0.4188, Accuracy: 0.4600
Evaluating architecture 5/5... Fitness: 0.4105, Accuracy: 0.4550

Sorting population in terms of fitness score (high -> low) ...
Best in generation: Arch(conv=4, acc=0.4850)

Best overall: Arch(conv=4, acc=0.5000)

Performing roulette-wheel of total population: 5 ...

Roulette-Wheel Selection Probabilities:
Architecture 1: Original Fitness = 0.4405, Shifted Fitness = 0.4405, Probability = 0.2121
Architecture 2: Original Fitness = 0.4188, Shifted Fitness = 0.4188, Probability = 0.2016
Architecture 3: Original Fitness = 0.4169, Shifted Fitness = 0.4169, Probability = 0.2007
Architecture 4: Original Fitness = 0.4105, Shifted Fitness = 0.4105, Probability = 0.1976
Architecture 5: Original Fitness = 0.3905, Shifted Fitness = 0.3905, Probability = 0.1880

Selected 5 architectures using Roulette-Wheel selection
Performing Crossover & Mutation ...
Elitism: Keeping top 2 architectures in next generation.
Next Generation: [Arch(conv=4, acc=0.4850), Arch(conv=4, acc=0.4600), Arch(conv=4, acc=0.0000), Arch(conv=4, acc=0.0000), Arch(conv=4, acc=0.4600)]

============================================================
FINAL BEST ARCHITECTURE
============================================================
Genes: {'num_conv': 4, 'conv_configs': [{'filters': 16, 'kernel_size': 3}, {'filters': 64, 'kernel_size': 3}, {'filters': 16, 'kernel_size': 7}, {'filters': 128, 'kernel_size': 5}], 'pool_type': 'max', 'activation': 'leaky_relu', 'fc_units': 512}
Accuracy: 0.5000
Fitness: 0.4569

Total parameters: 4,311,642

Model architecture:
CNN(
  (features): Sequential(
    (0): Conv2d(3, 16, kernel_size=(3, 3), stride=(1, 1), padding=(1, 1))
    (1): BatchNorm2d(16, eps=1e-05, momentum=0.1, affine=True, track_running_stats=True)
    (2): LeakyReLU(negative_slope=0.1, inplace=True)
    (3): Conv2d(16, 64, kernel_size=(3, 3), stride=(1, 1), padding=(1, 1))
    (4): BatchNorm2d(64, eps=1e-05, momentum=0.1, affine=True, track_running_stats=True)
    (5): LeakyReLU(negative_slope=0.1, inplace=True)
    (6): MaxPool2d(kernel_size=2, stride=2, padding=0, dilation=1, ceil_mode=False)
    (7): Conv2d(64, 16, kernel_size=(7, 7), stride=(1, 1), padding=(3, 3))
    (8): BatchNorm2d(16, eps=1e-05, momentum=0.1, affine=True, track_running_stats=True)
    (9): LeakyReLU(negative_slope=0.1, inplace=True)
    (10): Conv2d(16, 128, kernel_size=(5, 5), stride=(1, 1), padding=(2, 2))
    (11): BatchNorm2d(128, eps=1e-05, momentum=0.1, affine=True, track_running_stats=True)
    (12): LeakyReLU(negative_slope=0.1, inplace=True)
    (13): MaxPool2d(kernel_size=2, stride=2, padding=0, dilation=1, ceil_mode=False)
  )
  (classifier): Sequential(
    (0): Flatten(start_dim=1, end_dim=-1)
    (1): Linear(in_features=8192, out_features=512, bias=True)
    (2): ReLU(inplace=True)
    (3): Dropout(p=0.5, inplace=False)
    (4): Linear(in_features=512, out_features=10, bias=True)
  )
)
